<?xml version="1.0" encoding="UTF-8"?>
<testsuite xmlns:xsi="http://www.w3.org/2001/XMLSchema-instance" xsi:noNamespaceSchemaLocation="https://maven.apache.org/surefire/maven-surefire-plugin/xsd/surefire-test-report-3.0.xsd" version="3.0" name="com.examly.springapp.ClassroomApplicationTests" time="4.918" tests="16" errors="0" skipped="0" failures="0">
  <properties>
[...]
</properties>
  <testcase name="testPostClassroom" classname="com.examly.springapp.ClassroomApplicationTests" time="0.871">
    <system-out><![CDATA[14:51:51.487 [main] INFO org.springframework.test.context.support.AnnotationConfigContextLoaderUtils -- Could not detect default configuration classes for test class [com.examly.springapp.ClassroomApplicationTests]: ClassroomApplicationTests does not declare any static, non-private, non-final, nested classes annotated with @Configuration.
14:51:51.669 [main] INFO org.springframework.boot.test.context.SpringBootTestContextBootstrapper -- Found @SpringBootConfiguration com.examly.springapp.SpringappApplication for test class com.examly.springapp.ClassroomApplicationTests
14:51:51.794 [main] INFO org.springframework.boot.devtools.restart.RestartApplicationListener -- Restart disabled due to context in which it is running
2025-01-17T14:51:52.050Z  INFO 104186 --- [           main] c.e.springapp.ClassroomApplicationTests  : Starting ClassroomApplicationTests using Java 17.0.12 with PID 104186 (started by coder in /home/coder/project/workspace/springapp)
2025-01-17T14:51:52.052Z  INFO 104186 --- [           main] c.e.springapp.ClassroomApplicationTests  : No active profile set, falling back to 1 default profile: "default"
2025-01-17T14:51:52.645Z  INFO 104186 --- [           main] .s.d.r.c.RepositoryConfigurationDelegate : Bootstrapping Spring Data JPA repositories in DEFAULT mode.
2025-01-17T14:51:52.690Z  INFO 104186 --- [           main] .s.d.r.c.RepositoryConfigurationDelegate : Finished Spring Data repository scanning in 37 ms. Found 2 JPA repository interfaces.
2025-01-17T14:51:53.035Z  INFO 104186 --- [           main] o.hibernate.jpa.internal.util.LogHelper  : HHH000204: Processing PersistenceUnitInfo [name: default]
2025-01-17T14:51:53.075Z  INFO 104186 --- [           main] org.hibernate.Version                    : HHH000412: Hibernate ORM core version 6.2.22.Final
2025-01-17T14:51:53.076Z  INFO 104186 --- [           main] org.hibernate.cfg.Environment            : HHH000406: Using bytecode reflection optimizer
2025-01-17T14:51:53.304Z  INFO 104186 --- [           main] o.s.o.j.p.SpringPersistenceUnitInfo      : No LoadTimeWeaver setup: ignoring JPA class transformer
2025-01-17T14:51:53.324Z  INFO 104186 --- [           main] com.zaxxer.hikari.HikariDataSource       : HikariPool-1 - Starting...
2025-01-17T14:51:53.486Z  INFO 104186 --- [           main] com.zaxxer.hikari.pool.HikariPool        : HikariPool-1 - Added connection com.mysql.cj.jdbc.ConnectionImpl@7f4e5a39
2025-01-17T14:51:53.488Z  INFO 104186 --- [           main] com.zaxxer.hikari.HikariDataSource       : HikariPool-1 - Start completed.
2025-01-17T14:51:53.508Z  WARN 104186 --- [           main] org.hibernate.orm.deprecation            : HHH90000025: MySQL8Dialect does not need to be specified explicitly using 'hibernate.dialect' (remove the property setting and it will be selected by default)
2025-01-17T14:51:53.509Z  WARN 104186 --- [           main] org.hibernate.orm.deprecation            : HHH90000026: MySQL8Dialect has been deprecated; use org.hibernate.dialect.MySQLDialect instead
2025-01-17T14:51:54.209Z  INFO 104186 --- [           main] o.h.e.t.j.p.i.JtaPlatformInitiator       : HHH000489: No JTA platform available (set 'hibernate.transaction.jta.platform' to enable JTA platform integration)
Hibernate: alter table trainer drop foreign key FKq41gom1o729v26ueas9nibq2h
Hibernate: drop table if exists classroom
Hibernate: drop table if exists classroom_seq
Hibernate: drop table if exists trainer
Hibernate: drop table if exists trainer_seq
Hibernate: create table classroom (capacity integer not null, classroom_id integer not null, class_name varchar(255), primary key (classroom_id)) engine=InnoDB
Hibernate: create table classroom_seq (next_val bigint) engine=InnoDB
Hibernate: insert into classroom_seq values ( 1 )
Hibernate: create table trainer (classroom_trainer integer, trainer_id integer not null, email varchar(255), expertise varchar(255), trainer_name varchar(255), primary key (trainer_id)) engine=InnoDB
Hibernate: create table trainer_seq (next_val bigint) engine=InnoDB
Hibernate: insert into trainer_seq values ( 1 )
Hibernate: alter table trainer add constraint UK_a5sotqy2ptuto7267j1prxjoq unique (classroom_trainer)
Hibernate: alter table trainer add constraint FKq41gom1o729v26ueas9nibq2h foreign key (classroom_trainer) references classroom (classroom_id)
2025-01-17T14:51:54.415Z  INFO 104186 --- [           main] j.LocalContainerEntityManagerFactoryBean : Initialized JPA EntityManagerFactory for persistence unit 'default'
2025-01-17T14:51:54.851Z  WARN 104186 --- [           main] JpaBaseConfiguration$JpaWebConfiguration : spring.jpa.open-in-view is enabled by default. Therefore, database queries may be performed during view rendering. Explicitly configure spring.jpa.open-in-view to disable this warning
2025-01-17T14:51:55.107Z  INFO 104186 --- [           main] o.s.b.t.m.w.SpringBootMockServletContext : Initializing Spring TestDispatcherServlet ''
2025-01-17T14:51:55.107Z  INFO 104186 --- [           main] o.s.t.web.servlet.TestDispatcherServlet  : Initializing Servlet ''
2025-01-17T14:51:55.109Z  INFO 104186 --- [           main] o.s.t.web.servlet.TestDispatcherServlet  : Completed initialization in 1 ms
2025-01-17T14:51:55.124Z  INFO 104186 --- [           main] c.e.springapp.ClassroomApplicationTests  : Started ClassroomApplicationTests in 3.341 seconds (process running for 4.381)
Hibernate: select c1_0.classroom_id,c1_0.capacity,c1_0.class_name from classroom c1_0 where c1_0.class_name=?
Hibernate: select c1_0.classroom_id,c1_0.capacity,c1_0.class_name,t1_0.trainer_id,t1_0.email,t1_0.expertise,t1_0.trainer_name from classroom c1_0 left join trainer t1_0 on c1_0.classroom_id=t1_0.classroom_trainer where c1_0.classroom_id=?
Hibernate: select next_val as id_val from classroom_seq for update
Hibernate: update classroom_seq set next_val= ? where next_val=?
Hibernate: insert into classroom (capacity,class_name,classroom_id) values (?,?,?)
]]></system-out>
  </testcase>
  <testcase name="testAssignTrainerToClassroom" classname="com.examly.springapp.ClassroomApplicationTests" time="0.045">
    <system-out><![CDATA[Hibernate: select c1_0.classroom_id,c1_0.capacity,c1_0.class_name,t1_0.trainer_id,t1_0.email,t1_0.expertise,t1_0.trainer_name from classroom c1_0 left join trainer t1_0 on c1_0.classroom_id=t1_0.classroom_trainer where c1_0.classroom_id=?
Hibernate: select t1_0.trainer_id,c1_0.classroom_id,c1_0.capacity,c1_0.class_name,t1_0.email,t1_0.expertise,t1_0.trainer_name from trainer t1_0 left join classroom c1_0 on c1_0.classroom_id=t1_0.classroom_trainer where t1_0.trainer_id=?
Hibernate: select next_val as id_val from trainer_seq for update
Hibernate: update trainer_seq set next_val= ? where next_val=?
Hibernate: insert into trainer (classroom_trainer,email,expertise,trainer_name,trainer_id) values (?,?,?,?,?)
]]></system-out>
  </testcase>
  <testcase name="testGetClassroomById" classname="com.examly.springapp.ClassroomApplicationTests" time="0.016">
    <system-out><![CDATA[Hibernate: select c1_0.classroom_id,c1_0.capacity,c1_0.class_name,t1_0.trainer_id,t1_0.email,t1_0.expertise,t1_0.trainer_name from classroom c1_0 left join trainer t1_0 on c1_0.classroom_id=t1_0.classroom_trainer where c1_0.classroom_id=?
]]></system-out>
  </testcase>
  <testcase name="testGetAllClassrooms" classname="com.examly.springapp.ClassroomApplicationTests" time="0.024">
    <system-out><![CDATA[Hibernate: select c1_0.classroom_id,c1_0.capacity,c1_0.class_name from classroom c1_0
Hibernate: select t1_0.trainer_id,c1_0.classroom_id,c1_0.capacity,c1_0.class_name,t1_0.email,t1_0.expertise,t1_0.trainer_name from trainer t1_0 left join classroom c1_0 on c1_0.classroom_id=t1_0.classroom_trainer where t1_0.classroom_trainer=?
]]></system-out>
  </testcase>
  <testcase name="testGetTrainersByExpertise" classname="com.examly.springapp.ClassroomApplicationTests" time="0.02">
    <system-out><![CDATA[Hibernate: select t1_0.trainer_id,t1_0.classroom_trainer,t1_0.email,t1_0.expertise,t1_0.trainer_name from trainer t1_0 where t1_0.expertise=?
Hibernate: select c1_0.classroom_id,c1_0.capacity,c1_0.class_name,t1_0.trainer_id,t1_0.email,t1_0.expertise,t1_0.trainer_name from classroom c1_0 left join trainer t1_0 on c1_0.classroom_id=t1_0.classroom_trainer where c1_0.classroom_id=?
]]></system-out>
  </testcase>
  <testcase name="testDeleteTrainerById" classname="com.examly.springapp.ClassroomApplicationTests" time="0.035">
    <system-out><![CDATA[Hibernate: select t1_0.trainer_id,c1_0.classroom_id,c1_0.capacity,c1_0.class_name,t1_0.email,t1_0.expertise,t1_0.trainer_name from trainer t1_0 left join classroom c1_0 on c1_0.classroom_id=t1_0.classroom_trainer where t1_0.trainer_id=?
Hibernate: update trainer set classroom_trainer=?,email=?,expertise=?,trainer_name=? where trainer_id=?
]]></system-out>
  </testcase>
  <testcase name="testDuplicateClassroomException" classname="com.examly.springapp.ClassroomApplicationTests" time="0.014">
    <system-out><![CDATA[Hibernate: select c1_0.classroom_id,c1_0.capacity,c1_0.class_name from classroom c1_0 where c1_0.class_name=?
Hibernate: select t1_0.trainer_id,c1_0.classroom_id,c1_0.capacity,c1_0.class_name,t1_0.email,t1_0.expertise,t1_0.trainer_name from trainer t1_0 left join classroom c1_0 on c1_0.classroom_id=t1_0.classroom_trainer where t1_0.classroom_trainer=?
]]></system-out>
  </testcase>
  <testcase name="testInvalidTrainerIdException" classname="com.examly.springapp.ClassroomApplicationTests" time="0.009">
    <system-out><![CDATA[Hibernate: select t1_0.trainer_id,c1_0.classroom_id,c1_0.capacity,c1_0.class_name,t1_0.email,t1_0.expertise,t1_0.trainer_name from trainer t1_0 left join classroom c1_0 on c1_0.classroom_id=t1_0.classroom_trainer where t1_0.trainer_id=?
]]></system-out>
  </testcase>
  <testcase name="testControllerFolder" classname="com.examly.springapp.ClassroomApplicationTests" time="0.004"/>
  <testcase name="testControllerFiles" classname="com.examly.springapp.ClassroomApplicationTests" time="0.002"/>
  <testcase name="testModelFolder" classname="com.examly.springapp.ClassroomApplicationTests" time="0.002"/>
  <testcase name="testServiceFolder" classname="com.examly.springapp.ClassroomApplicationTests" time="0.001"/>
  <testcase name="testRepositoryFolder" classname="com.examly.springapp.ClassroomApplicationTests" time="0.002"/>
  <testcase name="testModelFiles" classname="com.examly.springapp.ClassroomApplicationTests" time="0.002"/>
  <testcase name="testServiceFiles" classname="com.examly.springapp.ClassroomApplicationTests" time="0.002"/>
  <testcase name="testRepositoryFiles" classname="com.examly.springapp.ClassroomApplicationTests" time="0.001"/>
</testsuite>