<?xml version="1.0" encoding="UTF-8"?>
<testsuite xmlns:xsi="http://www.w3.org/2001/XMLSchema-instance" xsi:noNamespaceSchemaLocation="https://maven.apache.org/surefire/maven-surefire-plugin/xsd/surefire-test-report-3.0.xsd" version="3.0" name="com.examly.springapp.SpringappApplicationTests" time="4.582" tests="11" errors="0" skipped="0" failures="0">
  <properties>
[...]
</properties>
  <testcase name="testRegisterUser" classname="com.examly.springapp.SpringappApplicationTests" time="0.528">
    <system-out><![CDATA[11:40:17.569 [main] DEBUG org.springframework.boot.test.context.SpringBootTestContextBootstrapper - Neither @ContextConfiguration nor @ContextHierarchy found for test class [SpringappApplicationTests]: using SpringBootContextLoader
11:40:17.590 [main] DEBUG org.springframework.test.context.support.AbstractContextLoader - Could not detect default resource locations for test class [com.examly.springapp.SpringappApplicationTests]: no resource found for suffixes {-context.xml, Context.groovy}.
11:40:17.631 [main] DEBUG org.springframework.boot.test.context.SpringBootTestContextBootstrapper - Using ContextCustomizers for test class [SpringappApplicationTests]: [ImportsContextCustomizer, ExcludeFilterContextCustomizer, DuplicateJsonObjectContextCustomizer, MockitoContextCustomizer, TestRestTemplateContextCustomizer, DisableObservabilityContextCustomizer, PropertyMappingContextCustomizer, Customizer]
11:40:17.771 [main] DEBUG org.springframework.boot.test.context.SpringBootTestContextBootstrapper - Using TestExecutionListeners for test class [SpringappApplicationTests]: [ServletTestExecutionListener, DirtiesContextBeforeModesTestExecutionListener, ApplicationEventsTestExecutionListener, MockitoTestExecutionListener, DependencyInjectionTestExecutionListener, DirtiesContextTestExecutionListener, TransactionalTestExecutionListener, SqlScriptsTestExecutionListener, WithSecurityContextTestExecutionListener, EventPublishingTestExecutionListener, ReactorContextTestExecutionListener, ResetMocksTestExecutionListener, RestDocsTestExecutionListener, MockRestServiceServerResetTestExecutionListener, MockMvcPrintOnlyOnFailureTestExecutionListener, WebDriverTestExecutionListener, MockWebServiceServerTestExecutionListener]
11:40:17.772 [main] DEBUG org.springframework.test.context.support.AbstractDirtiesContextTestExecutionListener - Before test class: class [SpringappApplicationTests], class annotated with @DirtiesContext [false] with mode [null]

  .   ____          _            __ _ _
 /\\ / ___'_ __ _ _(_)_ __  __ _ \ \ \ \
( ( )\___ | '_ | '_| | '_ \/ _` | \ \ \ \
 \\/  ___)| |_)| | | | | || (_| |  ) ) ) )
  '  |____| .__|_| |_|_| |_\__, | / / / /
 =========|_|==============|___/=/_/_/_/
 :: Spring Boot ::                (v3.0.1)

2025-01-22T11:40:18.023Z  INFO 128098 --- [           main] c.e.springapp.SpringappApplicationTests  : Starting SpringappApplicationTests using Java 17.0.12 with PID 128098 (started by coder in /home/coder/project/workspace/springapp)
2025-01-22T11:40:18.024Z  INFO 128098 --- [           main] c.e.springapp.SpringappApplicationTests  : No active profile set, falling back to 1 default profile: "default"
2025-01-22T11:40:18.588Z  INFO 128098 --- [           main] .s.d.r.c.RepositoryConfigurationDelegate : Bootstrapping Spring Data JPA repositories in DEFAULT mode.
2025-01-22T11:40:18.629Z  INFO 128098 --- [           main] .s.d.r.c.RepositoryConfigurationDelegate : Finished Spring Data repository scanning in 35 ms. Found 1 JPA repository interfaces.
2025-01-22T11:40:18.908Z  INFO 128098 --- [           main] trationDelegate$BeanPostProcessorChecker : Bean 'org.springframework.ws.config.annotation.DelegatingWsConfiguration' of type [org.springframework.ws.config.annotation.DelegatingWsConfiguration$$SpringCGLIB$$0] is not eligible for getting processed by all BeanPostProcessors (for example: not eligible for auto-proxying)
2025-01-22T11:40:18.940Z  INFO 128098 --- [           main] .w.s.a.s.AnnotationActionEndpointMapping : Supporting [WS-Addressing August 2004, WS-Addressing 1.0]
2025-01-22T11:40:19.210Z  INFO 128098 --- [           main] o.hibernate.jpa.internal.util.LogHelper  : HHH000204: Processing PersistenceUnitInfo [name: default]
2025-01-22T11:40:19.249Z  INFO 128098 --- [           main] org.hibernate.Version                    : HHH000412: Hibernate ORM core version 6.1.6.Final
2025-01-22T11:40:19.375Z  WARN 128098 --- [           main] org.hibernate.orm.deprecation            : HHH90000021: Encountered deprecated setting [javax.persistence.sharedCache.mode], use [jakarta.persistence.sharedCache.mode] instead
2025-01-22T11:40:19.458Z  INFO 128098 --- [           main] com.zaxxer.hikari.HikariDataSource       : HikariPool-1 - Starting...
2025-01-22T11:40:19.600Z  INFO 128098 --- [           main] com.zaxxer.hikari.pool.HikariPool        : HikariPool-1 - Added connection com.mysql.cj.jdbc.ConnectionImpl@1ffd0114
2025-01-22T11:40:19.602Z  INFO 128098 --- [           main] com.zaxxer.hikari.HikariDataSource       : HikariPool-1 - Start completed.
2025-01-22T11:40:19.616Z  INFO 128098 --- [           main] SQL dialect                              : HHH000400: Using dialect: org.hibernate.dialect.MySQL8Dialect
2025-01-22T11:40:19.617Z  WARN 128098 --- [           main] org.hibernate.orm.deprecation            : HHH90000026: MySQL8Dialect has been deprecated; use org.hibernate.dialect.MySQLDialect instead
Hibernate: drop table if exists user
Hibernate: drop table if exists user_seq
Hibernate: create table user (id integer not null, password varchar(255), role varchar(255), username varchar(255), primary key (id)) engine=InnoDB
Hibernate: create table user_seq (next_val bigint) engine=InnoDB
Hibernate: insert into user_seq values ( 1 )
Hibernate: alter table user add constraint UK_sb8bbouer5wak8vyiiy4pf2bx unique (username)
2025-01-22T11:40:20.231Z  INFO 128098 --- [           main] o.h.e.t.j.p.i.JtaPlatformInitiator       : HHH000490: Using JtaPlatform implementation: [org.hibernate.engine.transaction.jta.platform.internal.NoJtaPlatform]
2025-01-22T11:40:20.237Z  INFO 128098 --- [           main] j.LocalContainerEntityManagerFactoryBean : Initialized JPA EntityManagerFactory for persistence unit 'default'
2025-01-22T11:40:20.524Z  WARN 128098 --- [           main] JpaBaseConfiguration$JpaWebConfiguration : spring.jpa.open-in-view is enabled by default. Therefore, database queries may be performed during view rendering. Explicitly configure spring.jpa.open-in-view to disable this warning
2025-01-22T11:40:20.914Z  INFO 128098 --- [           main] o.s.s.web.DefaultSecurityFilterChain     : Will secure any request with [org.springframework.security.web.session.DisableEncodeUrlFilter@552b15f6, org.springframework.security.web.context.request.async.WebAsyncManagerIntegrationFilter@3cd6d147, org.springframework.security.web.context.SecurityContextHolderFilter@53153d5e, org.springframework.security.web.header.HeaderWriterFilter@24558113, org.springframework.security.web.authentication.logout.LogoutFilter@6af29394, org.springframework.security.web.authentication.www.BasicAuthenticationFilter@78c23ade, org.springframework.security.web.savedrequest.RequestCacheAwareFilter@160cf225, org.springframework.security.web.servletapi.SecurityContextHolderAwareRequestFilter@6a262980, org.springframework.security.web.authentication.AnonymousAuthenticationFilter@4ed5492c, org.springframework.security.web.access.ExceptionTranslationFilter@31434b63, org.springframework.security.web.access.intercept.AuthorizationFilter@7b364f47]
2025-01-22T11:40:21.196Z  INFO 128098 --- [           main] o.s.b.t.m.w.SpringBootMockServletContext : Initializing Spring TestDispatcherServlet ''
2025-01-22T11:40:21.196Z  INFO 128098 --- [           main] o.s.t.web.servlet.TestDispatcherServlet  : Initializing Servlet ''
2025-01-22T11:40:21.197Z  INFO 128098 --- [           main] o.s.t.web.servlet.TestDispatcherServlet  : Completed initialization in 1 ms
2025-01-22T11:40:21.213Z  INFO 128098 --- [           main] c.e.springapp.SpringappApplicationTests  : Started SpringappApplicationTests in 3.404 seconds (process running for 4.755)
Hibernate: select u1_0.id,u1_0.password,u1_0.role,u1_0.username from user u1_0 where u1_0.username=?
Hibernate: select next_val as id_val from user_seq for update
Hibernate: update user_seq set next_val= ? where next_val=?
Hibernate: insert into user (password, role, username, id) values (?, ?, ?, ?)
]]></system-out>
  </testcase>
  <testcase name="testLoginEndpoint" classname="com.examly.springapp.SpringappApplicationTests" time="0.116">
    <system-out><![CDATA[Hibernate: select u1_0.id,u1_0.password,u1_0.role,u1_0.username from user u1_0 where u1_0.username=?
]]></system-out>
  </testcase>
  <testcase name="testConfigurationFile" classname="com.examly.springapp.SpringappApplicationTests" time="0.003"/>
  <testcase name="testRepositoryFile" classname="com.examly.springapp.SpringappApplicationTests" time="0.003"/>
  <testcase name="testModelFile" classname="com.examly.springapp.SpringappApplicationTests" time="0.002"/>
  <testcase name="testModelFolder" classname="com.examly.springapp.SpringappApplicationTests" time="0.002"/>
  <testcase name="testServiceFolder" classname="com.examly.springapp.SpringappApplicationTests" time="0.002"/>
  <testcase name="testUserControllerFile" classname="com.examly.springapp.SpringappApplicationTests" time="0.002"/>
  <testcase name="testRepositoryFolder" classname="com.examly.springapp.SpringappApplicationTests" time="0.002"/>
  <testcase name="testConfigurationFolder" classname="com.examly.springapp.SpringappApplicationTests" time="0.002"/>
  <testcase name="testServiceFile" classname="com.examly.springapp.SpringappApplicationTests" time="0.002"/>
</testsuite>